<?xml version="1.0" encoding="UTF-8"?>
<!-- Generated by org.testng.reporters.JUnitReportReporter -->
<testsuite skipped="0" hostname="DESKTOP-VII0J20" name="com.FalconTalk.Basic.About" tests="4" failures="0" timestamp="2021-10-26T17:17:13 BDT" time="8.173" errors="0">
  <testcase name="PrivacyStatementTest" time="2.872" classname="com.FalconTalk.Basic.About"/>
  <system-out/>
  <testcase name="EULATest" time="1.782" classname="com.FalconTalk.Basic.About"/>
  <system-out/>
  <testcase name="AboutPageTest" time="3.453" classname="com.FalconTalk.Basic.About"/>
  <system-out/>
  <testcase name="AppNameTest" time="0.066" classname="com.FalconTalk.Basic.About"/>
  <system-out/>
</testsuite> <!-- com.FalconTalk.Basic.About -->
