<?xml version="1.0" encoding="UTF-8"?>
<!-- Generated by org.testng.reporters.JUnitReportReporter -->
<testsuite skipped="0" hostname="DESKTOP-VII0J20" name="com.FalconTalk.CabinModeConfiguration.ConfigureCabinDevice" tests="7" failures="0" timestamp="2021-10-27T17:10:45 BDT" time="27.152" errors="0">
  <testcase name="ConfigureCabinDevicePageTest" time="6.493" classname="com.FalconTalk.CabinModeConfiguration.ConfigureCabinDevice"/>
  <system-out/>
  <testcase name="TostMessageTest" time="0.776" classname="com.FalconTalk.CabinModeConfiguration.ConfigureCabinDevice"/>
  <system-out/>
  <testcase name="CabinAccountAndExtensionSelectionPageTest" time="1.419" classname="com.FalconTalk.CabinModeConfiguration.ConfigureCabinDevice"/>
  <system-out/>
  <testcase name="AllCabinAccountIsFreeTest" time="0.504" classname="com.FalconTalk.CabinModeConfiguration.ConfigureCabinDevice"/>
  <system-out/>
  <testcase name="CabinAccountandExtensionRangeTest" time="6.532" classname="com.FalconTalk.CabinModeConfiguration.ConfigureCabinDevice"/>
  <system-out/>
  <testcase name="ApplyButtonActiveTest" time="9.558" classname="com.FalconTalk.CabinModeConfiguration.ConfigureCabinDevice"/>
  <system-out/>
  <testcase name="ApplyButtonPressAndAutoDiscoveryStartTest" time="1.870" classname="com.FalconTalk.CabinModeConfiguration.ConfigureCabinDevice"/>
  <system-out/>
</testsuite> <!-- com.FalconTalk.CabinModeConfiguration.ConfigureCabinDevice -->
