<?xml version="1.0" encoding="UTF-8"?>
<!-- Generated by org.testng.reporters.JUnitReportReporter -->
<testsuite skipped="0" hostname="DESKTOP-VII0J20" name="com.FalconTalk.ManualAccountConfiguration.CabinProfile" tests="8" failures="0" timestamp="2021-10-26T17:17:13 BDT" time="46.168" errors="0">
  <testcase name="Setup" time="5.621" classname="com.FalconTalk.ManualAccountConfiguration.CabinProfile"/>
  <system-out/>
  <testcase name="CabinRouterPageforGogo" time="5.949" classname="com.FalconTalk.ManualAccountConfiguration.CabinProfile"/>
  <system-out/>
  <testcase name="CabinRouterPageforHoneywellLegacy" time="6.227" classname="com.FalconTalk.ManualAccountConfiguration.CabinProfile"/>
  <system-out/>
  <testcase name="CabinRouterPageforHoneywellFc" time="6.695" classname="com.FalconTalk.ManualAccountConfiguration.CabinProfile"/>
  <system-out/>
  <testcase name="CabinRouterPageforHoneywellCNX" time="6.343" classname="com.FalconTalk.ManualAccountConfiguration.CabinProfile"/>
  <system-out/>
  <testcase name="CabinRouterPageforHoneywellGDR" time="6.012" classname="com.FalconTalk.ManualAccountConfiguration.CabinProfile"/>
  <system-out/>
  <testcase name="CabinRouterPageforSatcom" time="6.224" classname="com.FalconTalk.ManualAccountConfiguration.CabinProfile"/>
  <system-out/>
  <testcase name="CabinRouterPageforCustom" time="3.097" classname="com.FalconTalk.ManualAccountConfiguration.CabinProfile"/>
  <system-out/>
</testsuite> <!-- com.FalconTalk.ManualAccountConfiguration.CabinProfile -->
