<?xml version="1.0" encoding="UTF-8"?>
<!-- Generated by org.testng.reporters.JUnitReportReporter -->
<testsuite skipped="0" hostname="DESKTOP-VII0J20" name="com.FalconTalk.MessageModule.MessageModule" tests="11" failures="0" timestamp="2021-10-07T18:06:07 BDT" time="372.104" errors="0">
  <testcase name="MessageModuleTest" time="13.753" classname="com.FalconTalk.MessageModule.MessageModule"/>
  <system-out/>
  <testcase name="TostMessageTest" time="0.750" classname="com.FalconTalk.MessageModule.MessageModule"/>
  <system-out/>
  <testcase name="MessageModuleOnline" time="7.943" classname="com.FalconTalk.MessageModule.MessageModule"/>
  <system-out/>
  <testcase name="NewMessagePageTest" time="10.108" classname="com.FalconTalk.MessageModule.MessageModule"/>
  <system-out/>
  <testcase name="BuddySearchWithNameTest" time="7.485" classname="com.FalconTalk.MessageModule.MessageModule"/>
  <system-out/>
  <testcase name="BuddySearchWithNumberTest" time="152.607" classname="com.FalconTalk.MessageModule.MessageModule"/>
  <system-out/>
  <testcase name="BuddyAddAndRemoveTest" time="20.428" classname="com.FalconTalk.MessageModule.MessageModule"/>
  <system-out/>
  <testcase name="SentSecureMessageTest" time="123.441" classname="com.FalconTalk.MessageModule.MessageModule"/>
  <system-out/>
  <testcase name="SentMessageFromBuddiesTest" time="10.087" classname="com.FalconTalk.MessageModule.MessageModule"/>
  <system-out/>
  <testcase name="SentMessageFromFavoriteList" time="14.774" classname="com.FalconTalk.MessageModule.MessageModule"/>
  <system-out/>
  <testcase name="SentMessageFromHistoryDetails" time="10.728" classname="com.FalconTalk.MessageModule.MessageModule"/>
  <system-out/>
</testsuite> <!-- com.FalconTalk.MessageModule.MessageModule -->
