<?xml version="1.0" encoding="UTF-8"?>
<!-- Generated by org.testng.reporters.JUnitReportReporter -->
<testsuite skipped="0" hostname="DESKTOP-VII0J20" name="com.FalconTalk.HistoryFunctionality.HistoryFunctionality" tests="6" failures="0" timestamp="2021-10-13T19:58:19 BDT" time="29.216" errors="0">
  <testcase name="HistoryFunctionTest" time="4.598" classname="com.FalconTalk.HistoryFunctionality.HistoryFunctionality"/>
  <system-out/>
  <testcase name="OutboundCallListInHistoryTest" time="17.970" classname="com.FalconTalk.HistoryFunctionality.HistoryFunctionality"/>
  <system-out/>
  <testcase name="CallEntryDateTest" time="0.294" classname="com.FalconTalk.HistoryFunctionality.HistoryFunctionality"/>
  <system-out/>
  <testcase name="HistoryDetailsPageOutboundCallTest" time="1.123" classname="com.FalconTalk.HistoryFunctionality.HistoryFunctionality"/>
  <system-out/>
  <testcase name="HistoryDetailsPageDateTest" time="0.058" classname="com.FalconTalk.HistoryFunctionality.HistoryFunctionality"/>
  <system-out/>
  <testcase name="DeleteHistoryFromAllListTest" time="5.173" classname="com.FalconTalk.HistoryFunctionality.HistoryFunctionality"/>
  <system-out/>
</testsuite> <!-- com.FalconTalk.HistoryFunctionality.HistoryFunctionality -->
