<?xml version="1.0" encoding="UTF-8"?>
<!-- Generated by org.testng.reporters.JUnitReportReporter -->
<testsuite skipped="0" hostname="DESKTOP-VII0J20" name="com.FalconTalk.PreviousConfig.PreviousConfig" tests="6" failures="0" timestamp="2021-10-26T17:17:13 BDT" time="26.044" errors="0">
  <testcase name="LastExtensionPageTest" time="7.733" classname="com.FalconTalk.PreviousConfig.PreviousConfig"/>
  <system-out/>
  <testcase name="LastExtensionTest" time="0.089" classname="com.FalconTalk.PreviousConfig.PreviousConfig"/>
  <system-out/>
  <testcase name="LastRingGroupTest" time="0.084" classname="com.FalconTalk.PreviousConfig.PreviousConfig"/>
  <system-out/>
  <testcase name="LastDisplayNameTest" time="0.086" classname="com.FalconTalk.PreviousConfig.PreviousConfig"/>
  <system-out/>
  <testcase name="OkButtonTest" time="2.649" classname="com.FalconTalk.PreviousConfig.PreviousConfig"/>
  <system-out/>
  <testcase name="ChangeButtonTest" time="15.403" classname="com.FalconTalk.PreviousConfig.PreviousConfig"/>
  <system-out/>
</testsuite> <!-- com.FalconTalk.PreviousConfig.PreviousConfig -->
