<?xml version="1.0" encoding="UTF-8"?>
<!-- Generated by org.testng.reporters.JUnitReportReporter -->
<testsuite skipped="0" hostname="DESKTOP-VII0J20" name="com.FalconTalk.ExtRingGroup.ExtensionRingGroupAxxess" tests="7" failures="0" timestamp="2021-10-26T17:17:13 BDT" time="31.416" errors="0">
  <testcase name="RingGroupExtensionAxxessTest" time="8.658" classname="com.FalconTalk.ExtRingGroup.ExtensionRingGroupAxxess"/>
  <system-out/>
  <testcase name="DisplayNameTest" time="0.098" classname="com.FalconTalk.ExtRingGroup.ExtensionRingGroupAxxess"/>
  <system-out/>
  <testcase name="RingGroupExtensionAxxessSelectTest" time="4.672" classname="com.FalconTalk.ExtRingGroup.ExtensionRingGroupAxxess"/>
  <system-out/>
  <testcase name="CancelButtonAxxessTest" time="0.783" classname="com.FalconTalk.ExtRingGroup.ExtensionRingGroupAxxess"/>
  <system-out/>
  <testcase name="ApplyButtonAxxessTest" time="14.071" classname="com.FalconTalk.ExtRingGroup.ExtensionRingGroupAxxess"/>
  <system-out/>
  <testcase name="AccountStatusTest" time="1.624" classname="com.FalconTalk.ExtRingGroup.ExtensionRingGroupAxxess"/>
  <system-out/>
  <testcase name="ProfilePageAccountNameTest" time="1.510" classname="com.FalconTalk.ExtRingGroup.ExtensionRingGroupAxxess"/>
  <system-out/>
</testsuite> <!-- com.FalconTalk.ExtRingGroup.ExtensionRingGroupAxxess -->
