<?xml version="1.0" encoding="UTF-8"?>
<!-- Generated by org.testng.reporters.JUnitReportReporter -->
<testsuite skipped="0" hostname="DESKTOP-VII0J20" name="com.FalconTalk.ManualAccountConfiguration.CustomAccountConfiguration" tests="9" failures="0" timestamp="2021-10-26T17:17:13 BDT" time="36.636" errors="0">
  <testcase name="Setup" time="2.419" classname="com.FalconTalk.ManualAccountConfiguration.CustomAccountConfiguration"/>
  <system-out/>
  <testcase name="CustomProfileInputRegTest" time="6.544" classname="com.FalconTalk.ManualAccountConfiguration.CustomAccountConfiguration"/>
  <system-out/>
  <testcase name="CustomAccoundAddedDisablePreviousAcountTest" time="0.175" classname="com.FalconTalk.ManualAccountConfiguration.CustomAccountConfiguration"/>
  <system-out/>
  <testcase name="CustomAccountDisableWhenEnableingAutoAccountTest" time="6.001" classname="com.FalconTalk.ManualAccountConfiguration.CustomAccountConfiguration"/>
  <system-out/>
  <testcase name="CustomAccountEditTest" time="11.984" classname="com.FalconTalk.ManualAccountConfiguration.CustomAccountConfiguration"/>
  <system-out/>
  <testcase name="CustomAccountShowingOnKeypadTest" time="2.310" classname="com.FalconTalk.ManualAccountConfiguration.CustomAccountConfiguration"/>
  <system-out/>
  <testcase name="CustomAccontShowingOnNavDrawerTest" time="1.875" classname="com.FalconTalk.ManualAccountConfiguration.CustomAccountConfiguration"/>
  <system-out/>
  <testcase name="CustomAccountShowingOnProfileListTest" time="2.114" classname="com.FalconTalk.ManualAccountConfiguration.CustomAccountConfiguration"/>
  <system-out/>
  <testcase name="CustomAccountShowingOnAutoDiscoveryCabinListTest" time="3.214" classname="com.FalconTalk.ManualAccountConfiguration.CustomAccountConfiguration"/>
  <system-out/>
</testsuite> <!-- com.FalconTalk.ManualAccountConfiguration.CustomAccountConfiguration -->
