<?xml version="1.0" encoding="UTF-8"?>
<!-- Generated by org.testng.reporters.JUnitReportReporter -->
<testsuite skipped="0" hostname="DESKTOP-VII0J20" name="com.FalconTalk.DialPlans.DialPlans" tests="2" failures="0" timestamp="2021-09-14T15:01:05 BDT" time="11.699" errors="0">
  <testcase name="AddNewDialPlansTest" time="4.592" classname="com.FalconTalk.DialPlans.DialPlans"/>
  <system-out/>
  <testcase name="DialPlansEditTest" time="7.107" classname="com.FalconTalk.DialPlans.DialPlans"/>
  <system-out/>
</testsuite> <!-- com.FalconTalk.DialPlans.DialPlans -->
