<?xml version="1.0" encoding="UTF-8"?>
<!-- Generated by org.testng.reporters.JUnitReportReporter -->
<testsuite skipped="0" hostname="DESKTOP-VII0J20" name="com.FalconTalk.ProfileDetails.ProfileDetails" tests="4" failures="0" timestamp="2021-10-26T17:17:13 BDT" time="31.164" errors="0">
  <testcase name="ProfileNamefieldTest" time="0.102" classname="com.FalconTalk.ProfileDetails.ProfileDetails"/>
  <system-out/>
  <testcase name="DomainfieldTest" time="0.078" classname="com.FalconTalk.ProfileDetails.ProfileDetails"/>
  <system-out/>
  <testcase name="ExtensionfieldTest" time="0.782" classname="com.FalconTalk.ProfileDetails.ProfileDetails"/>
  <system-out/>
  <testcase name="ApplyButtonTest" time="30.202" classname="com.FalconTalk.ProfileDetails.ProfileDetails"/>
  <system-out/>
</testsuite> <!-- com.FalconTalk.ProfileDetails.ProfileDetails -->
