<?xml version="1.0" encoding="UTF-8"?>
<!-- Generated by org.testng.reporters.JUnitReportReporter -->
<testsuite skipped="0" hostname="DESKTOP-VII0J20" name="com.FalconTalk.Keypad.Keypad" tests="8" failures="0" timestamp="2021-10-26T17:17:13 BDT" time="12.160" errors="0">
  <testcase name="ProfileNameTest" time="1.717" classname="com.FalconTalk.Keypad.Keypad"/>
  <system-out/>
  <testcase name="AccountStatusTest" time="0.214" classname="com.FalconTalk.Keypad.Keypad"/>
  <system-out/>
  <testcase name="ProfileNameNaveTest" time="1.592" classname="com.FalconTalk.Keypad.Keypad"/>
  <system-out/>
  <testcase name="AccountStatusNaveTest" time="0.150" classname="com.FalconTalk.Keypad.Keypad"/>
  <system-out/>
  <testcase name="AccountSelectionOptionTest" time="2.586" classname="com.FalconTalk.Keypad.Keypad"/>
  <system-out/>
  <testcase name="RingGroupNameOnNavTest" time="2.094" classname="com.FalconTalk.Keypad.Keypad"/>
  <system-out/>
  <testcase name="ExtensionOnNavTest" time="0.117" classname="com.FalconTalk.Keypad.Keypad"/>
  <system-out/>
  <testcase name="ContactOwnNumberTest" time="3.690" classname="com.FalconTalk.Keypad.Keypad"/>
  <system-out/>
</testsuite> <!-- com.FalconTalk.Keypad.Keypad -->
