<?xml version="1.0" encoding="UTF-8"?>
<!-- Generated by org.testng.reporters.JUnitReportReporter -->
<testsuite skipped="0" hostname="DESKTOP-VII0J20" name="com.FalconTalk.MessageModule.MessageModule_Search" tests="3" failures="0" timestamp="2021-10-10T14:58:09 BDT" time="386.220" errors="0">
  <testcase name="MessageModuleTest" time="379.310" classname="com.FalconTalk.MessageModule.MessageModule_Search"/>
  <system-out/>
  <testcase name="SearchWithBuddyNameTest" time="3.174" classname="com.FalconTalk.MessageModule.MessageModule_Search"/>
  <system-out/>
  <testcase name="SearchWithContactNameTest" time="3.736" classname="com.FalconTalk.MessageModule.MessageModule_Search"/>
  <system-out/>
</testsuite> <!-- com.FalconTalk.MessageModule.MessageModule_Search -->
