<?xml version="1.0" encoding="UTF-8"?>
<!-- Generated by org.testng.reporters.JUnitReportReporter -->
<testsuite skipped="0" hostname="DESKTOP-VII0J20" name="com.FalconTalk.ManualAccountConfiguration.ManufacturerProfile" tests="6" failures="0" timestamp="2021-10-26T17:17:13 BDT" time="15.222" errors="0">
  <testcase name="Setup" time="2.867" classname="com.FalconTalk.ManualAccountConfiguration.ManufacturerProfile"/>
  <system-out/>
  <testcase name="manufacturerselectionTest" time="1.430" classname="com.FalconTalk.ManualAccountConfiguration.ManufacturerProfile"/>
  <system-out/>
  <testcase name="manufacturerSelectionandgogoApplyButtonTest" time="1.993" classname="com.FalconTalk.ManualAccountConfiguration.ManufacturerProfile"/>
  <system-out/>
  <testcase name="manufacturerSelectionandhoneywellApplyButtonTest" time="3.013" classname="com.FalconTalk.ManualAccountConfiguration.ManufacturerProfile"/>
  <system-out/>
  <testcase name="manufacturerSelectionsatcomDirectApplyButtonTest" time="3.073" classname="com.FalconTalk.ManualAccountConfiguration.ManufacturerProfile"/>
  <system-out/>
  <testcase name="manufacturerSelectioncustomApplyButtonTest" time="2.846" classname="com.FalconTalk.ManualAccountConfiguration.ManufacturerProfile"/>
  <system-out/>
</testsuite> <!-- com.FalconTalk.ManualAccountConfiguration.ManufacturerProfile -->
